Unity Editor version:    2021.3.11f1 (0a5ca18544bf)
Branch:                  2021.3/staging
Build type:              Release
Batch mode:              YES
macOS version:           Version 12.6 (Build 21G115)
Darwin version:          21.6.0
Architecture:            arm64
Running under Rosetta:   NO
Available memory:        65536 MB
Using pre-set license
Pro License: YES

COMMAND LINE ARGUMENTS:
/Applications/Unity/Hub/Editor/2021.3.11f1/Unity.app/Contents/MacOS/Unity
-adb2
-batchMode
-noUpm
-name
AssetImportWorker0
-projectPath
/Users/jorgenthelin/Unity 3D/Top Gun
-logFile
Logs/AssetImportWorker0.log
-srvPort
49189
Successfully changed project path to: /Users/jorgenthelin/Unity 3D/Top Gun
/Users/jorgenthelin/Unity 3D/Top Gun
[UnityMemory] Configuration Parameters - Can be set up in boot.config
    "memorysetup-bucket-allocator-granularity=16"
    "memorysetup-bucket-allocator-bucket-count=8"
    "memorysetup-bucket-allocator-block-size=33554432"
    "memorysetup-bucket-allocator-block-count=8"
    "memorysetup-main-allocator-block-size=16777216"
    "memorysetup-thread-allocator-block-size=16777216"
    "memorysetup-gfx-main-allocator-block-size=16777216"
    "memorysetup-gfx-thread-allocator-block-size=16777216"
    "memorysetup-cache-allocator-block-size=4194304"
    "memorysetup-typetree-allocator-block-size=2097152"
    "memorysetup-profiler-bucket-allocator-granularity=16"
    "memorysetup-profiler-bucket-allocator-bucket-count=8"
    "memorysetup-profiler-bucket-allocator-block-size=33554432"
    "memorysetup-profiler-bucket-allocator-block-count=8"
    "memorysetup-profiler-allocator-block-size=16777216"
    "memorysetup-profiler-editor-allocator-block-size=1048576"
    "memorysetup-temp-allocator-size-main=16777216"
    "memorysetup-job-temp-allocator-block-size=2097152"
    "memorysetup-job-temp-allocator-block-size-background=1048576"
    "memorysetup-job-temp-allocator-reduction-small-platforms=262144"
    "memorysetup-temp-allocator-size-background-worker=32768"
    "memorysetup-temp-allocator-size-job-worker=262144"
    "memorysetup-temp-allocator-size-preload-manager=33554432"
    "memorysetup-temp-allocator-size-nav-mesh-worker=65536"
    "memorysetup-temp-allocator-size-audio-worker=65536"
    "memorysetup-temp-allocator-size-cloud-worker=32768"
    "memorysetup-temp-allocator-size-gi-baking-worker=262144"
    "memorysetup-temp-allocator-size-gfx=262144"
Refreshing native plugins compatible for Editor in 68.34 ms, found 2 plugins.
Preloading 0 native plugins for Editor in 0.00 ms.
Initialize engine version: 2021.3.11f1 (0a5ca18544bf)
[Subsystems] Discovering subsystems at path /Applications/Unity/Hub/Editor/2021.3.11f1/Unity.app/Contents/Resources/UnitySubsystems
[Subsystems] Discovering subsystems at path /Users/jorgenthelin/Unity 3D/Top Gun/Assets
GfxDevice: creating device client; threaded=0; jobified=0
 preferred device: Apple M1 Max (high power)
Metal devices available: 1
0: Apple M1 Max (high power)
Using device Apple M1 Max (high power)
Initializing Metal device caps: Apple M1 Max
Initialize mono
Mono path[0] = '/Applications/Unity/Hub/Editor/2021.3.11f1/Unity.app/Contents/Managed'
Mono path[1] = '/Applications/Unity/Hub/Editor/2021.3.11f1/Unity.app/Contents/MonoBleedingEdge/lib/mono/unityjit-macos'
Mono config path = '/Applications/Unity/Hub/Editor/2021.3.11f1/Unity.app/Contents/MonoBleedingEdge/etc'
Using monoOptions --debugger-agent=transport=dt_socket,embedding=1,server=y,suspend=n,address=127.0.0.1:56817
Begin MonoManager ReloadAssembly
Registering precompiled unity dll's ...
Register platform support module: /Applications/Unity/Hub/Editor/2021.3.11f1/PlaybackEngines/WebGLSupport/UnityEditor.WebGL.Extensions.dll
Register platform support module: /Applications/Unity/Hub/Editor/2021.3.11f1/Unity.app/Contents/PlaybackEngines/MacStandaloneSupport/UnityEditor.OSXStandalone.Extensions.dll
Registered in 0.000595 seconds.
Native extension for OSXStandalone target not found
Native extension for WebGL target not found
Refreshing native plugins compatible for Editor in 71.90 ms, found 2 plugins.
Preloading 0 native plugins for Editor in 0.00 ms.
Mono: successfully reloaded assembly
- Completed reload, in  0.393 seconds
Domain Reload Profiling:
	ReloadAssembly (393ms)
		BeginReloadAssembly (29ms)
			ExecutionOrderSort (0ms)
			DisableScriptedObjects (0ms)
			BackupInstance (0ms)
			ReleaseScriptingObjects (0ms)
			CreateAndSetChildDomain (1ms)
		EndReloadAssembly (297ms)
			LoadAssemblies (29ms)
			RebuildTransferFunctionScriptingTraits (0ms)
			SetupTypeCache (67ms)
			ReleaseScriptCaches (0ms)
			RebuildScriptCaches (20ms)
			SetupLoadedEditorAssemblies (183ms)
				LogAssemblyErrors (0ms)
				InitializePlatformSupportModulesInManaged (4ms)
				SetLoadedEditorAssemblies (0ms)
				RefreshPlugins (72ms)
				BeforeProcessingInitializeOnLoad (1ms)
				ProcessInitializeOnLoadAttributes (82ms)
				ProcessInitializeOnLoadMethodAttributes (25ms)
				AfterProcessingInitializeOnLoad (0ms)
				EditorAssembliesLoaded (0ms)
			ExecutionOrderSort2 (0ms)
			AwakeInstancesAfterBackupRestoration (0ms)
Platform modules already initialized, skipping
Registering precompiled user dll's ...
Registered in 0.001282 seconds.
Begin MonoManager ReloadAssembly
Symbol file LoadedFromMemory doesn't match image /Users/jorgenthelin/Unity 3D/Top Gun/Library/PackageCache/com.unity.visualscripting@1.7.8/Editor/VisualScripting.Core/Dependencies/YamlDotNet/Unity.VisualScripting.YamlDotNet.dll
Symbol file LoadedFromMemory doesn't match image /Users/jorgenthelin/Unity 3D/Top Gun/Library/PackageCache/com.unity.visualscripting@1.7.8/Editor/VisualScripting.Core/Dependencies/DotNetZip/Unity.VisualScripting.IonicZip.dll
Native extension for OSXStandalone target not found
Native extension for WebGL target not found
Refreshing native plugins compatible for Editor in 0.42 ms, found 2 plugins.
Preloading 0 native plugins for Editor in 0.00 ms.
Mono: successfully reloaded assembly
- Completed reload, in  0.589 seconds
Domain Reload Profiling:
	ReloadAssembly (602ms)
		BeginReloadAssembly (66ms)
			ExecutionOrderSort (0ms)
			DisableScriptedObjects (3ms)
			BackupInstance (0ms)
			ReleaseScriptingObjects (0ms)
			CreateAndSetChildDomain (11ms)
		EndReloadAssembly (468ms)
			LoadAssemblies (31ms)
			RebuildTransferFunctionScriptingTraits (0ms)
			SetupTypeCache (165ms)
			ReleaseScriptCaches (0ms)
			RebuildScriptCaches (32ms)
			SetupLoadedEditorAssemblies (213ms)
				LogAssemblyErrors (0ms)
				InitializePlatformSupportModulesInManaged (3ms)
				SetLoadedEditorAssemblies (0ms)
				RefreshPlugins (0ms)
				BeforeProcessingInitializeOnLoad (57ms)
				ProcessInitializeOnLoadAttributes (137ms)
				ProcessInitializeOnLoadMethodAttributes (15ms)
				AfterProcessingInitializeOnLoad (1ms)
				EditorAssembliesLoaded (0ms)
			ExecutionOrderSort2 (0ms)
			AwakeInstancesAfterBackupRestoration (2ms)
Platform modules already initialized, skipping
========================================================================
Worker process is ready to serve import requests
Launching external process: /Applications/Unity/Hub/Editor/2021.3.11f1/Unity.app/Contents/Tools/UnityShaderCompiler
Launched and connected shader compiler UnityShaderCompiler after 0.04 seconds
Refreshing native plugins compatible for Editor in 0.41 ms, found 2 plugins.
Preloading 0 native plugins for Editor in 0.00 ms.
Unloading 3380 Unused Serialized files (Serialized files now loaded: 0)
Unloading 27 unused Assets / (96.9 KB). Loaded Objects now: 3851.
Memory consumption went from 242.3 MB to 242.2 MB.
Total: 2.156375 ms (FindLiveObjects: 0.096459 ms CreateObjectMapping: 0.039333 ms MarkObjects: 1.944250 ms  DeleteObjects: 0.075792 ms)

AssetImportParameters requested are different than current active one (requested -> active):
  custom:video-decoder-ogg-theora: a1e56fd34408186e4bbccfd4996cb3dc -> 
  custom:container-muxer-webm: aa71ff27fc2769a1b78a27578f13a17b -> 
  custom:container-demuxer-webm: 4f35f7cbe854078d1ac9338744f61a02 -> 
  custom:video-encoder-webm-vp8: eb34c28f22e8b96e1ab97ce403110664 -> 
  custom:framework-osx-AVFoundation: e770b220cccbd017edd2c1fefb359320 -> 
  custom:audio-encoder-webm-vorbis: bf7c407c2cedff20999df2af8eb42d56 -> 
  custom:container-demuxer-ogg: 62fdf1f143b41e24485cea50d1cbac27 -> 
  custom:video-decoder-webm-vp8: 9c59270c3fd7afecdb556c50c9e8de78 -> 
  custom:audio-decoder-ogg-vorbis: bf7c407c2cedff20999df2af8eb42d56 -> 
========================================================================
Received Import Request.
  Time since last request: 592341.412024 seconds.
  path: Assets/New Terrain.asset
  artifactKey: Guid(a43813f2d331246ada22131bc6a17aaa) Importer(815301076,1909f56bfc062723c751e8b465ee728b)
Start importing Assets/New Terrain.asset using Guid(a43813f2d331246ada22131bc6a17aaa) Importer(815301076,1909f56bfc062723c751e8b465ee728b)  -> (artifact id: '3aad51bd0599a1a2f0e9b552858954ae') in 0.052333 seconds 
========================================================================
Received Prepare
Registering precompiled user dll's ...
Registered in 0.001444 seconds.
Begin MonoManager ReloadAssembly
Thread 0x29abdf000 may have been prematurely finalized
Symbol file LoadedFromMemory doesn't match image /Users/jorgenthelin/Unity 3D/Top Gun/Library/PackageCache/com.unity.visualscripting@1.7.8/Editor/VisualScripting.Core/Dependencies/YamlDotNet/Unity.VisualScripting.YamlDotNet.dll
Symbol file LoadedFromMemory doesn't match image /Users/jorgenthelin/Unity 3D/Top Gun/Library/PackageCache/com.unity.visualscripting@1.7.8/Editor/VisualScripting.Core/Dependencies/DotNetZip/Unity.VisualScripting.IonicZip.dll
Native extension for OSXStandalone target not found
Native extension for WebGL target not found
Refreshing native plugins compatible for Editor in 0.45 ms, found 2 plugins.
Preloading 0 native plugins for Editor in 0.00 ms.
Mono: successfully reloaded assembly
- Completed reload, in  0.524 seconds
Domain Reload Profiling:
	ReloadAssembly (524ms)
		BeginReloadAssembly (69ms)
			ExecutionOrderSort (0ms)
			DisableScriptedObjects (3ms)
			BackupInstance (0ms)
			ReleaseScriptingObjects (0ms)
			CreateAndSetChildDomain (22ms)
		EndReloadAssembly (404ms)
			LoadAssemblies (29ms)
			RebuildTransferFunctionScriptingTraits (0ms)
			SetupTypeCache (151ms)
			ReleaseScriptCaches (1ms)
			RebuildScriptCaches (26ms)
			SetupLoadedEditorAssemblies (171ms)
				LogAssemblyErrors (0ms)
				InitializePlatformSupportModulesInManaged (5ms)
				SetLoadedEditorAssemblies (0ms)
				RefreshPlugins (0ms)
				BeforeProcessingInitializeOnLoad (37ms)
				ProcessInitializeOnLoadAttributes (115ms)
				ProcessInitializeOnLoadMethodAttributes (13ms)
				AfterProcessingInitializeOnLoad (1ms)
				EditorAssembliesLoaded (0ms)
			ExecutionOrderSort2 (0ms)
			AwakeInstancesAfterBackupRestoration (2ms)
Platform modules already initialized, skipping
Refreshing native plugins compatible for Editor in 0.61 ms, found 2 plugins.
Preloading 0 native plugins for Editor in 0.00 ms.
Unloading 3377 Unused Serialized files (Serialized files now loaded: 0)
Unloading 20 unused Assets / (72.9 KB). Loaded Objects now: 3857.
Memory consumption went from 246.8 MB to 246.7 MB.
Total: 2.156875 ms (FindLiveObjects: 0.115833 ms CreateObjectMapping: 0.042042 ms MarkObjects: 1.941750 ms  DeleteObjects: 0.056667 ms)

AssetImportParameters requested are different than current active one (requested -> active):
  custom:video-decoder-ogg-theora: a1e56fd34408186e4bbccfd4996cb3dc -> 
  custom:container-muxer-webm: aa71ff27fc2769a1b78a27578f13a17b -> 
  custom:container-demuxer-webm: 4f35f7cbe854078d1ac9338744f61a02 -> 
  custom:video-encoder-webm-vp8: eb34c28f22e8b96e1ab97ce403110664 -> 
  custom:framework-osx-AVFoundation: e770b220cccbd017edd2c1fefb359320 -> 
  custom:audio-encoder-webm-vorbis: bf7c407c2cedff20999df2af8eb42d56 -> 
  custom:container-demuxer-ogg: 62fdf1f143b41e24485cea50d1cbac27 -> 
  custom:video-decoder-webm-vp8: 9c59270c3fd7afecdb556c50c9e8de78 -> 
  custom:audio-decoder-ogg-vorbis: bf7c407c2cedff20999df2af8eb42d56 -> 
========================================================================
Received Import Request.
  Time since last request: 103.805093 seconds.
  path: Assets/StarSparrow/Textures/StarSparrow_Black.png
  artifactKey: Guid(206a5b1f7176ecd4691948148171fb16) Importer(815301076,1909f56bfc062723c751e8b465ee728b)
Start importing Assets/StarSparrow/Textures/StarSparrow_Black.png using Guid(206a5b1f7176ecd4691948148171fb16) Importer(815301076,1909f56bfc062723c751e8b465ee728b)  -> (artifact id: 'b89cf98741200668c6cd72601b44f514') in 0.384944 seconds 
========================================================================
Received Import Request.
  Time since last request: 0.000061 seconds.
  path: Assets/StarSparrow/Textures/StarSparrow_Cyan.png
  artifactKey: Guid(3928818884a3a9c41a8d469459870822) Importer(815301076,1909f56bfc062723c751e8b465ee728b)
Start importing Assets/StarSparrow/Textures/StarSparrow_Cyan.png using Guid(3928818884a3a9c41a8d469459870822) Importer(815301076,1909f56bfc062723c751e8b465ee728b)  -> (artifact id: 'fd854c3df38178cee441cfa11bbc756b') in 0.009027 seconds 
========================================================================
Received Import Request.
  Time since last request: 0.000035 seconds.
  path: Assets/StarSparrow/Textures/StarSparrow_Yellow.png
  artifactKey: Guid(ca4edc86c640b514c83fdd5a9c439dda) Importer(815301076,1909f56bfc062723c751e8b465ee728b)
Start importing Assets/StarSparrow/Textures/StarSparrow_Yellow.png using Guid(ca4edc86c640b514c83fdd5a9c439dda) Importer(815301076,1909f56bfc062723c751e8b465ee728b)  -> (artifact id: 'ebf52d5994816dde11744ac1ae6f03f7') in 0.008483 seconds 
========================================================================
Received Import Request.
  Time since last request: 0.000075 seconds.
  path: Assets/StarSparrow/Textures/StarSparrow_Grey.png
  artifactKey: Guid(e80529d62d99b2a43a062d8434e9f4f7) Importer(815301076,1909f56bfc062723c751e8b465ee728b)
Start importing Assets/StarSparrow/Textures/StarSparrow_Grey.png using Guid(e80529d62d99b2a43a062d8434e9f4f7) Importer(815301076,1909f56bfc062723c751e8b465ee728b)  -> (artifact id: 'cd1c86c40334fe1504ec064d1638488c') in 0.008408 seconds 
========================================================================
Received Import Request.
  Time since last request: 0.000043 seconds.
  path: Assets/StarSparrow/Textures/StarSparrow_Orange.png
  artifactKey: Guid(9910943c18579a249a5a2984fdb3f3ae) Importer(815301076,1909f56bfc062723c751e8b465ee728b)
Start importing Assets/StarSparrow/Textures/StarSparrow_Orange.png using Guid(9910943c18579a249a5a2984fdb3f3ae) Importer(815301076,1909f56bfc062723c751e8b465ee728b)  -> (artifact id: '07ba2fec007b784f2e28932cbfa9a84d') in 0.008483 seconds 
========================================================================
Received Import Request.
  Time since last request: 0.000051 seconds.
  path: Assets/StarSparrow/Textures/StarSparrow_Emission.png
  artifactKey: Guid(e285b114efc2a1240b2b32966432623c) Importer(815301076,1909f56bfc062723c751e8b465ee728b)
Start importing Assets/StarSparrow/Textures/StarSparrow_Emission.png using Guid(e285b114efc2a1240b2b32966432623c) Importer(815301076,1909f56bfc062723c751e8b465ee728b)  -> (artifact id: 'c8a6e809311f4fb219a189cdbaa18dda') in 0.007719 seconds 
========================================================================
Received Import Request.
  Time since last request: 0.000072 seconds.
  path: Assets/StarSparrow/Textures/StarSparrow_Red.png
  artifactKey: Guid(32b3903d52de67640b19b1feb1b1e1bf) Importer(815301076,1909f56bfc062723c751e8b465ee728b)
Start importing Assets/StarSparrow/Textures/StarSparrow_Red.png using Guid(32b3903d52de67640b19b1feb1b1e1bf) Importer(815301076,1909f56bfc062723c751e8b465ee728b)  -> (artifact id: 'db436886c28dc1c29580914735c058bc') in 0.009137 seconds 
========================================================================
Received Import Request.
  Time since last request: 0.000054 seconds.
  path: Assets/StarSparrow/Textures/StarSparrow_Green.png
  artifactKey: Guid(834cc5d6ac8c31641a2235a9d4682f1b) Importer(815301076,1909f56bfc062723c751e8b465ee728b)
Start importing Assets/StarSparrow/Textures/StarSparrow_Green.png using Guid(834cc5d6ac8c31641a2235a9d4682f1b) Importer(815301076,1909f56bfc062723c751e8b465ee728b)  -> (artifact id: '00f6ec76aaa6c2083223217f18e609c5') in 0.008086 seconds 
========================================================================
Received Import Request.
  Time since last request: 5.296557 seconds.
  path: Assets/StarSparrow/Textures/BonusContent/Asteroids/AsteroidsLava_Blue.png
  artifactKey: Guid(9c6df97ed7064654ea974c842c85ea3d) Importer(815301076,1909f56bfc062723c751e8b465ee728b)
Start importing Assets/StarSparrow/Textures/BonusContent/Asteroids/AsteroidsLava_Blue.png using Guid(9c6df97ed7064654ea974c842c85ea3d) Importer(815301076,1909f56bfc062723c751e8b465ee728b)  -> (artifact id: 'cdfa23ec3f0b0b9a7caf385fb9ce342c') in 0.013795 seconds 
========================================================================
Received Import Request.
  Time since last request: 0.000049 seconds.
  path: Assets/StarSparrow/Textures/BonusContent/Asteroids/AsteroidsLava_EmissionRed.png
  artifactKey: Guid(e313900dfc5e97e418383a91c126fe36) Importer(815301076,1909f56bfc062723c751e8b465ee728b)
Start importing Assets/StarSparrow/Textures/BonusContent/Asteroids/AsteroidsLava_EmissionRed.png using Guid(e313900dfc5e97e418383a91c126fe36) Importer(815301076,1909f56bfc062723c751e8b465ee728b)  -> (artifact id: '16b0b2eacb9f852622db37ef74193648') in 0.005861 seconds 
========================================================================
Received Import Request.
  Time since last request: 0.000061 seconds.
  path: Assets/StarSparrow/Textures/BonusContent/Asteroids/AsteroidsLava_Grey.png
  artifactKey: Guid(795d73f8d514ef943bdeca72975d452d) Importer(815301076,1909f56bfc062723c751e8b465ee728b)
Start importing Assets/StarSparrow/Textures/BonusContent/Asteroids/AsteroidsLava_Grey.png using Guid(795d73f8d514ef943bdeca72975d452d) Importer(815301076,1909f56bfc062723c751e8b465ee728b)  -> (artifact id: 'd4dd261168befe9135fb4fbe137e7edb') in 0.005378 seconds 
========================================================================
Received Import Request.
  Time since last request: 10.895678 seconds.
  path: Assets/StarSparrow/Textures/BonusContent/FlyingInsect/FlyingInsect_MetallicSmoothness.png
  artifactKey: Guid(1081a96ded5ed4d40bc35d5e1925bed6) Importer(815301076,1909f56bfc062723c751e8b465ee728b)
Start importing Assets/StarSparrow/Textures/BonusContent/FlyingInsect/FlyingInsect_MetallicSmoothness.png using Guid(1081a96ded5ed4d40bc35d5e1925bed6) Importer(815301076,1909f56bfc062723c751e8b465ee728b)  -> (artifact id: 'ace531c1700ab818e970c247640d6812') in 0.005402 seconds 
========================================================================
Received Import Request.
  Time since last request: 0.000041 seconds.
  path: Assets/StarSparrow/Textures/BonusContent/FlyingInsect/FlyingInsect_Purple.png
  artifactKey: Guid(ab00a42ce58ed8346aac0ec3ebc03d43) Importer(815301076,1909f56bfc062723c751e8b465ee728b)
Start importing Assets/StarSparrow/Textures/BonusContent/FlyingInsect/FlyingInsect_Purple.png using Guid(ab00a42ce58ed8346aac0ec3ebc03d43) Importer(815301076,1909f56bfc062723c751e8b465ee728b)  -> (artifact id: '7d2138ca488aafb9ca3b1bd6ff4fba58') in 0.004467 seconds 
========================================================================
Received Import Request.
  Time since last request: 10.412997 seconds.
  path: Assets/StarSparrow/Scenes/BonusContent.unity
  artifactKey: Guid(ad424019336bdbe41bd98becc7971008) Importer(815301076,1909f56bfc062723c751e8b465ee728b)
Start importing Assets/StarSparrow/Scenes/BonusContent.unity using Guid(ad424019336bdbe41bd98becc7971008) Importer(815301076,1909f56bfc062723c751e8b465ee728b)  -> (artifact id: 'e644b2b4bc73825114006073cd70244b') in 0.000998 seconds 
========================================================================
Received Import Request.
  Time since last request: 21.942312 seconds.
  path: Assets/StarSparrow/Scenes/StarSparrow.unity
  artifactKey: Guid(7326b3c7d6f9f7e4a9b90a9cc4e9d928) Importer(815301076,1909f56bfc062723c751e8b465ee728b)
Start importing Assets/StarSparrow/Scenes/StarSparrow.unity using Guid(7326b3c7d6f9f7e4a9b90a9cc4e9d928) Importer(815301076,1909f56bfc062723c751e8b465ee728b)  -> (artifact id: '3c3f24526ff383d8115ce779af13b0a3') in 0.000867 seconds 
========================================================================
Received Import Request.
  Time since last request: 15.745137 seconds.
  path: Assets
  artifactKey: Guid(00000000000000001000000000000000) Importer(815301076,1909f56bfc062723c751e8b465ee728b)
Start importing Assets using Guid(00000000000000001000000000000000) Importer(815301076,1909f56bfc062723c751e8b465ee728b)  -> (artifact id: '79842766b460edbeab6a34051e857a80') in 0.001177 seconds 
========================================================================
Received Import Request.
  Time since last request: 46.682403 seconds.
  path: Assets/Scenes/SampleScene.unity
  artifactKey: Guid(9fc0d4010bbf28b4594072e72b8655ab) Importer(815301076,1909f56bfc062723c751e8b465ee728b)
Start importing Assets/Scenes/SampleScene.unity using Guid(9fc0d4010bbf28b4594072e72b8655ab) Importer(815301076,1909f56bfc062723c751e8b465ee728b)  -> (artifact id: '6d23f0ba6f22b1ebc0e8f61df7b9adc5') in 0.001678 seconds 
